<?xml version="1.0" encoding="UTF-8"?>
<!-- Generated by org.testng.reporters.JUnitReportReporter -->
<testsuite hostname="chetan-PC" name="com.test.filedownload.FileDownloadTest" tests="1" failures="0" timestamp="2 Dec 2018 16:55:31 GMT" time="0.252" errors="0">
  <testcase name="testCaseOne_Test_One" time="0.252" classname="com.test.filedownload.FileDownloadTest"/>
</testsuite> <!-- com.test.filedownload.FileDownloadTest -->
